[debug] [2019-10-27T06:58:41.444Z] ----------------------------------------------------------------------
[debug] [2019-10-27T06:58:41.446Z] Command:       C:\Program Files (x86)\Nodist\v-x64\11.13.0\node.exe C:\Program Files (x86)\Nodist\bin\node_modules\firebase-tools\lib\bin\firebase.js deploy
[debug] [2019-10-27T06:58:41.446Z] CLI Version:   7.3.1
[debug] [2019-10-27T06:58:41.446Z] Platform:      win32
[debug] [2019-10-27T06:58:41.446Z] Node Version:  v11.13.0
[debug] [2019-10-27T06:58:41.448Z] Time:          Sun Oct 27 2019 15:58:41 GMT+0900 (GMT+09:00)
[debug] [2019-10-27T06:58:41.449Z] ----------------------------------------------------------------------
[debug] 
[debug] [2019-10-27T06:58:41.459Z] > command requires scopes: ["email","openid","https://www.googleapis.com/auth/cloudplatformprojects.readonly","https://www.googleapis.com/auth/firebase","https://www.googleapis.com/auth/cloud-platform"]
[debug] [2019-10-27T06:58:41.460Z] > authorizing via signed-in user
[debug] [2019-10-27T06:58:41.460Z] [iam] checking project yuunohair-b93aa for permissions ["datastore.indexes.create","datastore.indexes.delete","datastore.indexes.list","datastore.indexes.update","firebase.projects.get","firebasedatabase.instances.update","firebasehosting.sites.update","firebaserules.releases.create","firebaserules.releases.update","firebaserules.rulesets.create"]
[debug] [2019-10-27T06:58:41.462Z] >>> HTTP REQUEST POST https://cloudresourcemanager.googleapis.com/v1/projects/yuunohair-b93aa:testIamPermissions  

[debug] [2019-10-27T06:58:42.426Z] <<< HTTP RESPONSE 200
[debug] [2019-10-27T06:58:42.428Z] >>> HTTP REQUEST GET https://firebase.googleapis.com/v1beta1/projects/yuunohair-b93aa  
 
[debug] [2019-10-27T06:58:43.169Z] <<< HTTP RESPONSE 200
[info] 
[info] === Deploying to 'yuunohair-b93aa'...
[info] 
[info] i  deploying database, storage, firestore, hosting
[info] i  database: checking rules syntax...
[debug] [2019-10-27T06:58:43.175Z] >>> HTTP REQUEST PUT https://yuunohair-b93aa.firebaseio.com/.settings/rules.json?dryRun=true  
 {
  "rules": {
    ".read": "auth != null",
    ".write": "auth != null"
  }
}
[debug] [2019-10-27T06:58:43.861Z] <<< HTTP RESPONSE 200
[info] +  database: rules syntax for database yuunohair-b93aa is valid
[debug] [2019-10-27T06:58:43.864Z] >>> HTTP REQUEST GET https://appengine.googleapis.com/v1/apps/yuunohair-b93aa  
 
[debug] [2019-10-27T06:58:45.035Z] <<< HTTP RESPONSE 200
[info] i  storage: checking storage.rules for compilation errors...
[debug] [2019-10-27T06:58:45.038Z] >>> HTTP REQUEST POST https://firebaserules.googleapis.com/v1/projects/yuunohair-b93aa:test  

[debug] [2019-10-27T06:58:46.298Z] <<< HTTP RESPONSE 200
[info] +  storage: rules file storage.rules compiled successfully
[info] i  firestore: checking firestore.rules for compilation errors...
[info] i  firestore: reading indexes from firestore.indexes.json...
[debug] [2019-10-27T06:58:46.310Z] >>> HTTP REQUEST POST https://firebaserules.googleapis.com/v1/projects/yuunohair-b93aa:test  

[debug] [2019-10-27T06:58:47.642Z] <<< HTTP RESPONSE 200
[info] +  firestore: rules file firestore.rules compiled successfully
[debug] [2019-10-27T06:58:47.644Z] >>> HTTP REQUEST POST https://firebasehosting.googleapis.com/v1beta1/sites/yuunohair-b93aa/versions  

[debug] [2019-10-27T06:58:49.299Z] <<< HTTP RESPONSE 200
[info] i  storage: uploading rules storage.rules...
[debug] [2019-10-27T06:58:49.302Z] >>> HTTP REQUEST POST https://firebaserules.googleapis.com/v1/projects/yuunohair-b93aa/rulesets  

[debug] [2019-10-27T06:58:50.509Z] <<< HTTP RESPONSE 200
[debug] [2019-10-27T06:58:50.510Z] [rules] created ruleset projects/yuunohair-b93aa/rulesets/942cf1f3-5739-4383-8438-c172861db59d
[info] i  firestore: uploading rules firestore.rules...
[debug] [2019-10-27T06:58:50.512Z] >>> HTTP REQUEST POST https://firebaserules.googleapis.com/v1/projects/yuunohair-b93aa/rulesets  

[debug] [2019-10-27T06:58:50.512Z] >>> HTTP REQUEST GET https://firestore.googleapis.com/v1beta2/projects/yuunohair-b93aa/databases/(default)/collectionGroups/-/indexes  
 
[debug] [2019-10-27T06:58:50.973Z] <<< HTTP RESPONSE 200
[debug] [2019-10-27T06:58:50.974Z] >>> HTTP REQUEST GET https://firestore.googleapis.com/v1beta2/projects/yuunohair-b93aa/databases/(default)/collectionGroups/-/fields?filter=indexConfig.usesAncestorConfig=false  
 
[debug] [2019-10-27T06:58:51.405Z] <<< HTTP RESPONSE 200
[info] +  firestore: deployed indexes in firestore.indexes.json successfully
